<?xml version="1.0" encoding="UTF-8"?>
<!-- Generated by org.testng.reporters.JUnitXMLReporter -->
<testsuite hostname="L-GOnyebuchi" ignored="0" name="Testregistration2" tests="2" failures="1" timestamp="17 May 2019 14:07:59 GMT" time="697.926" errors="0">
  <testcase name="testApplicantRegistration" time="55.967" classname="CIPM.registration"/>
  <testcase name="testMembershipReg" time="618.487" classname="CIPM.application_NYSC">
    <failure type="java.lang.IndexOutOfBoundsException" message="Index: 13, Size: 13">
      <![CDATA[java.lang.IndexOutOfBoundsException: Index: 13, Size: 13
at java.util.ArrayList.rangeCheck(Unknown Source)
at java.util.ArrayList.get(Unknown Source)
at CIPM.resultUpload.testResultUpload(resultUpload.java:67)
at CIPM.activeDiet.testActiveDietFoundation1(activeDiet.java:121)
at CIPM.application_NYSC.testMembershipReg(application_NYSC.java:176)
... Removed 25 stack frames]]>
    </failure>
  </testcase> <!-- testMembershipReg -->
</testsuite> <!-- Testregistration2 -->
